<?xml version="1.0" encoding="UTF-8"?>
<testsuites name="TestSuiteGit" time="27" tests="1" failures="0" errors="0">
   <testsuite name="TestSuiteGit" tests="1" failures="0" errors="0" time="27" timestamp="2018-01-11 17:06:58" hostname="DESKTOP-RNU9SNV$ - DESKTOP-RNU9SNV" id="Test Suites/TestSuiteGit">
      <properties>
         <property name="deviceName" value=""/>
         <property name="devicePlatform" value=""/>
         <property name="logFolder" value="C:\\Users\\Mumeen\\git\\KatalonGitTest1\\Reports\\TestSuiteGit\\20180111_170653"/>
         <property name="logFiles" value="C:\\Users\\Mumeen\\git\\KatalonGitTest1\\Reports\\TestSuiteGit\\20180111_170653\\execution0.log"/>
         <property name="attachments" value=""/>
         <property name="hostName" value="DESKTOP-RNU9SNV$ - DESKTOP-RNU9SNV"/>
         <property name="os" value="Windows 10 64bit"/>
         <property name="katalonVersion" value="5.2.0.1"/>
         <property name="browser" value="Chrome 63.0.3239.132"/>
         <property name="hostAddress" value="192.168.1.6"/>
         <property name="sessionId" value="38cd25cf0a26bed571e69ea7603bf28b"/>
         <property name="seleniumVersion" value="3.7.1"/>
         <property name="proxyInformation" value="ProxyInformation{proxyOption=NO_PROXY, proxyServerType=HTTP, password=, proxyServerAddress=, proxyServerPort=0}"/>
         <property name="platform" value="Windows 10"/>
      </properties>
      <testcase name="Test Cases/Test1 by Tom" classname="Test Cases/Test1 by Tom" status="PASSED">
         <system-out><![CDATA[2018-01-11 17:06:59 - [TEST_CASE][PASSED] - Test Cases/Test1 by Tom: Test Cases/Test1 by Tom

2018-01-11 17:07:00 - [TEST_STEP][PASSED] - openBrowser: Browser is opened with url: 'http://lifecharger.org/'

2018-01-11 17:07:24 - [MESSAGE][PASSED] - Browser is opened with url: 'http://lifecharger.org/'

2018-01-11 17:07:24 - [TEST_STEP][PASSED] - verifyTextPresent: Text 'One Act of Kindness Each Day' is present on page 

2018-01-11 17:07:25 - [MESSAGE][PASSED] - Text 'One Act of Kindness Each Day' is present on page 

2018-01-11 17:07:25 - [TEST_STEP][PASSED] - closeBrowser: Browser is closed

2018-01-11 17:07:26 - [MESSAGE][PASSED] - Browser is closed]]></system-out>
         <system-err><![CDATA[]]></system-err>
      </testcase>
      <system-out><![CDATA[2018-01-11 17:06:58 - [TEST_SUITE][PASSED] - TestSuiteGit: Test Cases/Test1 by Tom]]></system-out>
      <system-err><![CDATA[]]></system-err>
   </testsuite>
</testsuites>
